[ERROR]: [movie] 26-12-22 04:05:40: Full path to file [F:\PycharmProjects\Skypro\architecture\cinema\flask-hard-blank\views\movies.py] - function name delete(119) - Movie with ID 2 not found
[ERROR]: [movie] 28-12-22 11:23:54: Full path to file [F:\PycharmProjects\Skypro\architecture\cinema\flask-hard-blank\views\movies.py] - function name get(36) - Entity namespace for "mapped class Genre->genre" has no property "title"
[ERROR]: [movie] 28-12-22 11:24:05: Full path to file [F:\PycharmProjects\Skypro\architecture\cinema\flask-hard-blank\views\movies.py] - function name get(36) - Entity namespace for "mapped class Genre->genre" has no property "title"
[ERROR]: [movie] 28-12-22 11:24:25: Full path to file [F:\PycharmProjects\Skypro\architecture\cinema\flask-hard-blank\views\movies.py] - function name get(36) - Entity namespace for "mapped class Genre->genre" has no property "title"
[ERROR]: [movie] 28-12-22 11:24:39: Full path to file [F:\PycharmProjects\Skypro\architecture\cinema\flask-hard-blank\views\movies.py] - function name get(36) - Entity namespace for "mapped class Genre->genre" has no property "title"
[ERROR]: [movie] 28-12-22 11:25:05: Full path to file [F:\PycharmProjects\Skypro\architecture\cinema\flask-hard-blank\views\movies.py] - function name get(36) - Entity namespace for "mapped class Genre->genre" has no property "title"
[ERROR]: [movie] 28-12-22 11:28:22: Full path to file [F:\PycharmProjects\Skypro\architecture\cinema\flask-hard-blank\views\movies.py] - function name get(36) - Entity namespace for "mapped class Genre->genre" has no property "title"
[ERROR]: [movie] 28-12-22 11:28:34: Full path to file [F:\PycharmProjects\Skypro\architecture\cinema\flask-hard-blank\views\movies.py] - function name get(36) - Entity namespace for "mapped class Genre->genre" has no property "title"
[ERROR]: [movie] 28-12-22 11:32:36: Full path to file [F:\PycharmProjects\Skypro\architecture\cinema\flask-hard-blank\views\movies.py] - function name get(43) - Entity namespace for "mapped class Genre->genre" has no property "title"
[ERROR]: [movie] 28-12-22 11:32:59: Full path to file [F:\PycharmProjects\Skypro\architecture\cinema\flask-hard-blank\views\movies.py] - function name get(43) - Entity namespace for "mapped class Genre->genre" has no property "director_id"
[ERROR]: [movie] 28-12-22 11:34:12: Full path to file [F:\PycharmProjects\Skypro\architecture\cinema\flask-hard-blank\views\movies.py] - function name get(43) - Entity namespace for "mapped class Genre->genre" has no property "director_id"
[ERROR]: [movie] 28-12-22 11:37:18: Full path to file [F:\PycharmProjects\Skypro\architecture\cinema\flask-hard-blank\views\movies.py] - function name get(43) - Entity namespace for "mapped class Genre->genre" has no property "director_id"
[ERROR]: [movie] 28-12-22 11:42:33: Full path to file [F:\PycharmProjects\Skypro\architecture\cinema\flask-hard-blank\views\movies.py] - function name get(43) - Entity namespace for "mapped class Genre->genre" has no property "director_id"
[ERROR]: [movie] 29-12-22 15:31:45: Full path to file [F:\PycharmProjects\Skypro\architecture\cinema\flask-hard-blank\views\movie.py] - function name post(66) - dao.model.movie.Movie() argument after ** must be a mapping, not NoneType
[ERROR]: [movie] 29-12-22 15:33:10: Full path to file [F:\PycharmProjects\Skypro\architecture\cinema\flask-hard-blank\views\movie.py] - function name post(66) - dao.model.movie.Movie() argument after ** must be a mapping, not list
[INFO]: [movie] 29-12-22 15:34:06: Full path to file [F:\PycharmProjects\Skypro\architecture\cinema\flask-hard-blank\views\movie.py] - function name post(58) - Movie ADASDASDASDAD was added!
[ERROR]: [movie] 02-01-23 03:46:32: Full path to file [/home/mgd/PythonzProjects/skypro/rest_api/flask-hard-blank/views/movie.py] - function name get(89) - Movie with ID 2 not found
[INFO]: [movie] 02-01-23 03:46:41: Full path to file [/home/mgd/PythonzProjects/skypro/rest_api/flask-hard-blank/views/movie.py] - function name delete(137) - Movie by id 22 was deleted!
[ERROR]: [movie] 02-01-23 03:46:44: Full path to file [/home/mgd/PythonzProjects/skypro/rest_api/flask-hard-blank/views/movie.py] - function name get(89) - Movie with ID 22 not found
[ERROR]: [movie] 02-01-23 03:52:46: Full path to file [/home/mgd/PythonzProjects/skypro/rest_api/flask-hard-blank/views/movie.py] - function name delete(141) - Movie with id 3 not found
[INFO]: [movie] 02-01-23 03:54:37: Full path to file [/home/mgd/PythonzProjects/skypro/rest_api/flask-hard-blank/views/movie.py] - function name delete(137) - Movie Джанго освобожденный was deleted!
[INFO]: [movie] 02-01-23 03:56:00: Full path to file [/home/mgd/PythonzProjects/skypro/rest_api/flask-hard-blank/views/movie.py] - function name delete(137) - Movie Чикаго was deleted!
[INFO]: [movie] 02-01-23 14:26:11: Full path to file [/home/mgd/PythonsProjects/skypro/rest_api/flask-hard-blank/views/movie.py] - function name delete(137) - Movie ------- was deleted!
[ERROR]: [movie] 02-01-23 14:26:20: Full path to file [/home/mgd/PythonsProjects/skypro/rest_api/flask-hard-blank/views/movie.py] - function name get(89) - Movie with ID 21 not found
[ERROR]: [movie] 02-01-23 21:52:48: Full path to file [/home/mgd/PythonsProjects/skypro/rest_api/flask-hard-blank/views/movie.py] - function name post(66) - 'username' is an invalid keyword argument for Movie
[INFO]: [movie] 03-01-23 03:37:21: Full path to file [/home/mgd/PythonsProjects/skypro/rest_api/flask-hard-blank/views/movie.py] - function name delete(145) - Movie Чикаго was deleted!
[ERROR]: [movie] 11-01-23 01:59:59: Full path to file [/home/mgd/PythonsProjects/skypro/rest_api/flask-hard-blank/views/movie.py] - function name get(47) - Entity namespace for "movie" has no property "page"
[ERROR]: [movie] 11-01-23 21:56:03: Full path to file [/home/mgd/PythonsProjects/skypro/rest_api/flask-hard-blank/views/movie.py] - function name get(47) - Entity namespace for "movie" has no property "status"
[ERROR]: [movie] 12-01-23 18:22:23: Full path to file [/home/mgd/PythonsProjects/skypro/rest_api/flask-hard-blank/views/movie.py] - function name get(47) - Entity namespace for "movie" has no property "year2021"
[ERROR]: [movie] 12-01-23 18:22:55: Full path to file [/home/mgd/PythonsProjects/skypro/rest_api/flask-hard-blank/views/movie.py] - function name get(47) - Mapped instance expected for relationship comparison to object.   Classes, queries and other SQL elements are not accepted in this context; for comparison with a subquery, use Movie.genre.has(**criteria).
[ERROR]: [movie] 12-01-23 18:23:19: Full path to file [/home/mgd/PythonsProjects/skypro/rest_api/flask-hard-blank/views/movie.py] - function name get(47) - Mapped instance expected for relationship comparison to object.   Classes, queries and other SQL elements are not accepted in this context; for comparison with a subquery, use Movie.genre.has(**criteria).
[ERROR]: [movie] 12-01-23 18:38:12: Full path to file [/home/mgd/PythonsProjects/skypro/rest_api/flask-hard-blank/views/movie.py] - function name get(47) - 'BaseQuery' object has no attribute 'desc'
